[2017-02-22 05:07:59] my_logger.INFO: prueba wleo [] []
[2017-02-22 05:21:13] my_logger.INFO: prueba wleo [] []
[2017-02-22 05:21:31] my_logger.INFO: prueba wleo22 [] []
[2017-02-22 05:23:36] my_logger.INFO: No existe ningun mensaje relacionado con este id [] []
[2017-02-22 05:27:08] my_logger.ERROR: HTTP/1.1 405 Method Not Allowed [] []
[2017-02-23 03:35:14] my_logger.INFO: No existe ningun mensaje relacionado con este id [] []
[2017-02-23 03:46:35] my_logger.INFO: No existe ningun mensaje relacionado con este id [] []
[2017-02-23 03:46:45] my_logger.INFO: No existe ningun mensaje relacionado con este id [] []
[2017-02-23 03:47:04] my_logger.INFO: No existe ningun mensaje relacionado con este id2 [] []
[2017-02-23 04:04:06] my_logger.ERROR:  [] []
[2017-02-23 04:04:34] my_logger.ERROR:  [] []
[2017-02-23 04:04:35] my_logger.ERROR:  [] []
[2017-02-23 04:04:37] my_logger.ERROR:  [] []
[2017-02-23 04:04:41] my_logger.ERROR:  [] []
[2017-02-23 04:10:12] my_logger.ERROR:  [] []
[2017-02-23 04:10:14] my_logger.ERROR:  [] []
[2017-02-23 04:10:25] my_logger.ERROR:  [] []
[2017-02-23 04:10:27] my_logger.ERROR:  [] []
[2017-02-23 04:12:42] my_logger.ERROR:  [] []
[2017-02-23 04:12:43] my_logger.ERROR:  [] []
[2017-02-23 04:12:55] my_logger.ERROR:  [] []
[2017-02-23 04:12:57] my_logger.ERROR:  [] []
[2017-02-23 04:15:28] my_logger.ERROR:  [] []
[2017-02-23 04:15:41] my_logger.ERROR:  [] []
[2017-02-23 04:15:46] my_logger.ERROR:  [] []
[2017-02-23 04:16:14] my_logger.ERROR:  [] []
[2017-02-23 04:46:39] my_logger.INFO: prueba:  [] []
[2017-02-23 04:47:28] my_logger.INFO:  [] []
[2017-02-23 04:50:56] my_logger.INFO:  [] []
[2017-02-23 04:51:13] my_logger.INFO:  [] []
[2017-02-23 04:52:57] my_logger.INFO:  [] []
[2017-02-23 04:52:58] my_logger.INFO:  [] []
[2017-02-23 04:53:30] my_logger.INFO: No existe ningun mensaje relacionado con este id [] []
[2017-02-23 04:54:00] my_logger.INFO:  [] []
[2017-02-23 04:54:00] my_logger.INFO:  [] []
[2017-02-23 04:54:13] my_logger.INFO:  [] []
[2017-02-23 04:54:14] my_logger.INFO:  [] []
[2017-02-23 04:54:24] my_logger.INFO:  [] []
[2017-02-23 04:54:54] my_logger.INFO: No existe ningun mensaje relacionado con este id [] []
[2017-02-23 04:54:55] my_logger.INFO: No existe ningun mensaje relacionado con este id [] []
[2017-02-23 04:55:16] my_logger.INFO: No existe ningun mensaje relacionado con este id [] []
[2017-02-23 04:58:49] my_logger.INFO: No existe ningun mensaje relacionado con este id [] []
[2017-02-23 05:06:49] my_logger.ERROR: Ocurrio un error con la base de datos  [] []
[2017-02-23 05:08:24] my_logger.ERROR: Ocurrio un error con la base de datos  [] []
[2017-02-23 05:13:14] my_logger.ERROR: Ocurrio un error con la base de datos  [] []
[2017-02-23 05:13:14] my_logger.CRITICAL: I left the oven on! {"cause":"in_hurry"} []
[2017-02-23 05:17:40] my_logger.ERROR: Ocurrio un error con la base de datos  [] []
[2017-02-23 05:17:44] my_logger.INFO: Array [] []
[2017-02-23 05:17:49] my_logger.INFO: Array [] []
[2017-02-23 05:17:55] my_logger.INFO: Array [] []
[2017-02-23 05:18:17] my_logger.ERROR: Ocurrio un error con la base de datos  [] []
[2017-02-23 05:38:04] my_logger.INFO: El id del mensaje especificado no es numerico [] []
